TN:
SF:/Users/Furqan/Websites/wsify/observables.ls
FN:2,(anonymous_1)
FN:8,(anonymous_2)
FN:9,(anonymous_3)
FN:10,(anonymous_4)
FN:20,(anonymous_5)
FN:22,(anonymous_6)
FN:29,(anonymous_7)
FN:37,(anonymous_8)
FN:44,(anonymous_9)
FN:52,(anonymous_10)
FN:53,(anonymous_11)
FN:54,(anonymous_12)
FN:59,(anonymous_13)
FNF:13
FNH:12
FNDA:1,(anonymous_1)
FNDA:1,(anonymous_2)
FNDA:1,(anonymous_3)
FNDA:1,(anonymous_4)
FNDA:1,(anonymous_5)
FNDA:1,(anonymous_6)
FNDA:1,(anonymous_7)
FNDA:1,(anonymous_8)
FNDA:0,(anonymous_9)
FNDA:1,(anonymous_10)
FNDA:1,(anonymous_11)
FNDA:1,(anonymous_12)
FNDA:1,(anonymous_13)
DA:0,1
DA:1,1
DA:2,1
DA:3,1
DA:4,1
DA:9,1
DA:12,1
DA:14,1
DA:17,1
DA:19,1
DA:23,1
DA:24,1
DA:29,1
DA:34,1
LF:14
LH:14
BRDA:3,1,0,1
BRDA:3,1,1,1
BRDA:3,1,2,0
BRDA:12,2,0,1
BRDA:12,2,1,0
BRDA:15,3,0,1
BRDA:15,3,1,0
BRDA:31,4,0,1
BRDA:31,4,1,0
BRDA:34,5,0,0
BRDA:34,5,1,1
BRDA:56,6,0,1
BRDA:56,6,1,0
BRF:13
BRH:12
end_of_record
